  [1m[35m (3.5ms)[0m  [1m[35mCREATE TABLE "schema_migrations" ("version" varchar NOT NULL PRIMARY KEY) /*application='BlogModern'*/[0m
  [1m[35m (0.2ms)[0m  [1m[35mCREATE TABLE "ar_internal_metadata" ("key" varchar NOT NULL PRIMARY KEY, "value" varchar, "created_at" datetime(6) NOT NULL, "updated_at" datetime(6) NOT NULL) /*application='BlogModern'*/[0m
  [1m[36mActiveRecord::InternalMetadata Load (0.1ms)[0m  [1m[34mSELECT * FROM "ar_internal_metadata" WHERE "ar_internal_metadata"."key" = 'environment' ORDER BY "ar_internal_metadata"."key" ASC LIMIT 1 /*application='BlogModern'*/[0m
  [1m[36mActiveRecord::InternalMetadata Create (0.2ms)[0m  [1m[32mINSERT INTO "ar_internal_metadata" ("key", "value", "created_at", "updated_at") VALUES ('environment', 'development', '2026-03-24 07:09:55.307213', '2026-03-24 07:09:55.307216') RETURNING "key" /*application='BlogModern'*/[0m
  [1m[36mActiveRecord::SchemaMigration Load (0.0ms)[0m  [1m[34mSELECT "schema_migrations"."version" FROM "schema_migrations" ORDER BY "schema_migrations"."version" ASC /*application='BlogModern'*/[0m
Migrating to CreateUsers (20260323090000)
  [1m[36mTRANSACTION (0.0ms)[0m  [1m[35mBEGIN immediate TRANSACTION /*application='BlogModern'*/[0m
  [1m[35m (1.4ms)[0m  [1m[35mCREATE TABLE "users" ("id" integer PRIMARY KEY AUTOINCREMENT NOT NULL, "first_name" varchar NOT NULL, "last_name" varchar NOT NULL, "created_at" datetime(6) NOT NULL, "updated_at" datetime(6) NOT NULL) /*application='BlogModern'*/[0m
  [1m[36mActiveRecord::SchemaMigration Create (0.1ms)[0m  [1m[32mINSERT INTO "schema_migrations" ("version") VALUES ('20260323090000') RETURNING "version" /*application='BlogModern'*/[0m
  [1m[36mTRANSACTION (0.1ms)[0m  [1m[35mCOMMIT TRANSACTION /*application='BlogModern'*/[0m
Migrating to CreatePosts (20260323090001)
  [1m[36mTRANSACTION (0.0ms)[0m  [1m[35mBEGIN immediate TRANSACTION /*application='BlogModern'*/[0m
  [1m[35m (1.4ms)[0m  [1m[35mCREATE TABLE "posts" ("id" integer PRIMARY KEY AUTOINCREMENT NOT NULL, "title" varchar NOT NULL, "body" text NOT NULL, "user_id" integer NOT NULL, "created_at" datetime(6) NOT NULL, "updated_at" datetime(6) NOT NULL, CONSTRAINT "fk_rails_5b5ddfd518"
FOREIGN KEY ("user_id")
  REFERENCES "users" ("id")
) /*application='BlogModern'*/[0m
  [1m[35m (0.1ms)[0m  [1m[35mCREATE INDEX "index_posts_on_user_id" ON "posts" ("user_id") /*application='BlogModern'*/[0m
  [1m[36mActiveRecord::SchemaMigration Create (0.1ms)[0m  [1m[32mINSERT INTO "schema_migrations" ("version") VALUES ('20260323090001') RETURNING "version" /*application='BlogModern'*/[0m
  [1m[36mTRANSACTION (0.1ms)[0m  [1m[35mCOMMIT TRANSACTION /*application='BlogModern'*/[0m
Migrating to CreateComments (20260323090002)
  [1m[36mTRANSACTION (0.0ms)[0m  [1m[35mBEGIN immediate TRANSACTION /*application='BlogModern'*/[0m
  [1m[35m (1.3ms)[0m  [1m[35mCREATE TABLE "comments" ("id" integer PRIMARY KEY AUTOINCREMENT NOT NULL, "body" text NOT NULL, "post_id" integer NOT NULL, "user_id" integer NOT NULL, "created_at" datetime(6) NOT NULL, "updated_at" datetime(6) NOT NULL, CONSTRAINT "fk_rails_2fd19c0db7"
FOREIGN KEY ("post_id")
  REFERENCES "posts" ("id")
, CONSTRAINT "fk_rails_03de2dc08c"
FOREIGN KEY ("user_id")
  REFERENCES "users" ("id")
) /*application='BlogModern'*/[0m
  [1m[35m (0.1ms)[0m  [1m[35mCREATE INDEX "index_comments_on_post_id" ON "comments" ("post_id") /*application='BlogModern'*/[0m
  [1m[35m (0.1ms)[0m  [1m[35mCREATE INDEX "index_comments_on_user_id" ON "comments" ("user_id") /*application='BlogModern'*/[0m
  [1m[36mActiveRecord::SchemaMigration Create (0.1ms)[0m  [1m[32mINSERT INTO "schema_migrations" ("version") VALUES ('20260323090002') RETURNING "version" /*application='BlogModern'*/[0m
  [1m[36mTRANSACTION (0.1ms)[0m  [1m[35mCOMMIT TRANSACTION /*application='BlogModern'*/[0m
  [1m[36mActiveRecord::SchemaMigration Load (0.0ms)[0m  [1m[34mSELECT "schema_migrations"."version" FROM "schema_migrations" ORDER BY "schema_migrations"."version" ASC /*application='BlogModern'*/[0m
  [1m[36mActiveRecord::SchemaMigration Load (0.0ms)[0m  [1m[34mSELECT "schema_migrations"."version" FROM "schema_migrations" ORDER BY "schema_migrations"."version" ASC /*application='BlogModern'*/[0m
  [1m[36mUser Load (0.2ms)[0m  [1m[34mSELECT "users".* FROM "users" WHERE "users"."first_name" = 'Juan' AND "users"."last_name" = 'Perez' LIMIT 1 /*application='BlogModern'*/[0m
  [1m[36mTRANSACTION (0.0ms)[0m  [1m[35mBEGIN immediate TRANSACTION /*application='BlogModern'*/[0m
  [1m[36mUser Create (0.1ms)[0m  [1m[32mINSERT INTO "users" ("first_name", "last_name", "created_at", "updated_at") VALUES ('Juan', 'Perez', '2026-03-24 07:09:55.740522', '2026-03-24 07:09:55.740522') RETURNING "id" /*application='BlogModern'*/[0m
  [1m[36mTRANSACTION (2.1ms)[0m  [1m[35mCOMMIT TRANSACTION /*application='BlogModern'*/[0m
  [1m[36mUser Load (0.1ms)[0m  [1m[34mSELECT "users".* FROM "users" WHERE "users"."first_name" = 'Maria' AND "users"."last_name" = 'Garcia' LIMIT 1 /*application='BlogModern'*/[0m
  [1m[36mTRANSACTION (0.0ms)[0m  [1m[35mBEGIN immediate TRANSACTION /*application='BlogModern'*/[0m
  [1m[36mUser Create (1.6ms)[0m  [1m[32mINSERT INTO "users" ("first_name", "last_name", "created_at", "updated_at") VALUES ('Maria', 'Garcia', '2026-03-24 07:09:55.747258', '2026-03-24 07:09:55.747258') RETURNING "id" /*application='BlogModern'*/[0m
  [1m[36mTRANSACTION (0.1ms)[0m  [1m[35mCOMMIT TRANSACTION /*application='BlogModern'*/[0m
  [1m[36mPost Load (0.1ms)[0m  [1m[34mSELECT "posts".* FROM "posts" WHERE "posts"."title" = 'Bienvenidos a Rails 8' LIMIT 1 /*application='BlogModern'*/[0m
  [1m[36mTRANSACTION (0.0ms)[0m  [1m[35mBEGIN immediate TRANSACTION /*application='BlogModern'*/[0m
  [1m[36mPost Create (0.2ms)[0m  [1m[32mINSERT INTO "posts" ("title", "body", "user_id", "created_at", "updated_at") VALUES ('Bienvenidos a Rails 8', 'Este es un blog moderno construido con Ruby on Rails 8, SQLite3, y un diseno Glassmorphism premium.', 1, '2026-03-24 07:09:55.807654', '2026-03-24 07:09:55.807654') RETURNING "id" /*application='BlogModern'*/[0m
  [1m[36mTRANSACTION (0.1ms)[0m  [1m[35mCOMMIT TRANSACTION /*application='BlogModern'*/[0m
  [1m[36mPost Load (0.1ms)[0m  [1m[34mSELECT "posts".* FROM "posts" WHERE "posts"."title" = 'El Futuro del Desarrollo Web' LIMIT 1 /*application='BlogModern'*/[0m
  [1m[36mTRANSACTION (0.0ms)[0m  [1m[35mBEGIN immediate TRANSACTION /*application='BlogModern'*/[0m
  [1m[36mPost Create (1.9ms)[0m  [1m[32mINSERT INTO "posts" ("title", "body", "user_id", "created_at", "updated_at") VALUES ('El Futuro del Desarrollo Web', 'Hotwire, Turbo y Stimulus estan revolucionando la forma en que construimos aplicaciones web modernas sin necesidad de frameworks JavaScript pesados.', 2, '2026-03-24 07:09:55.823818', '2026-03-24 07:09:55.823818') RETURNING "id" /*application='BlogModern'*/[0m
  [1m[36mTRANSACTION (0.1ms)[0m  [1m[35mCOMMIT TRANSACTION /*application='BlogModern'*/[0m
  [1m[36mComment Load (0.1ms)[0m  [1m[34mSELECT "comments".* FROM "comments" WHERE "comments"."body" = 'Excelente post, muy informativo!' AND "comments"."post_id" = 1 AND "comments"."user_id" = 2 LIMIT 1 /*application='BlogModern'*/[0m
  [1m[36mTRANSACTION (0.0ms)[0m  [1m[35mBEGIN immediate TRANSACTION /*application='BlogModern'*/[0m
  [1m[36mComment Create (0.1ms)[0m  [1m[32mINSERT INTO "comments" ("body", "post_id", "user_id", "created_at", "updated_at") VALUES ('Excelente post, muy informativo!', 1, 2, '2026-03-24 07:09:55.835838', '2026-03-24 07:09:55.835838') RETURNING "id" /*application='BlogModern'*/[0m
  [1m[36mTRANSACTION (0.1ms)[0m  [1m[35mCOMMIT TRANSACTION /*application='BlogModern'*/[0m
  [1m[36mComment Load (0.1ms)[0m  [1m[34mSELECT "comments".* FROM "comments" WHERE "comments"."body" = 'Rails 8 es increible!' AND "comments"."post_id" = 2 AND "comments"."user_id" = 1 LIMIT 1 /*application='BlogModern'*/[0m
  [1m[36mTRANSACTION (0.0ms)[0m  [1m[35mBEGIN immediate TRANSACTION /*application='BlogModern'*/[0m
  [1m[36mComment Create (1.5ms)[0m  [1m[32mINSERT INTO "comments" ("body", "post_id", "user_id", "created_at", "updated_at") VALUES ('Rails 8 es increible!', 2, 1, '2026-03-24 07:09:55.840108', '2026-03-24 07:09:55.840108') RETURNING "id" /*application='BlogModern'*/[0m
  [1m[36mTRANSACTION (0.1ms)[0m  [1m[35mCOMMIT TRANSACTION /*application='BlogModern'*/[0m
  [1m[36mUser Count (0.1ms)[0m  [1m[34mSELECT COUNT(*) FROM "users" /*application='BlogModern'*/[0m
  [1m[36mPost Count (0.0ms)[0m  [1m[34mSELECT COUNT(*) FROM "posts" /*application='BlogModern'*/[0m
  [1m[36mComment Count (0.0ms)[0m  [1m[34mSELECT COUNT(*) FROM "comments" /*application='BlogModern'*/[0m
  [1m[36mActiveRecord::InternalMetadata Load (0.1ms)[0m  [1m[34mSELECT * FROM "ar_internal_metadata" WHERE "ar_internal_metadata"."key" = 'environment' ORDER BY "ar_internal_metadata"."key" ASC LIMIT 1 /*application='BlogModern'*/[0m
  [1m[36mActiveRecord::SchemaMigration Load (0.1ms)[0m  [1m[34mSELECT "schema_migrations"."version" FROM "schema_migrations" ORDER BY "schema_migrations"."version" ASC /*application='BlogModern'*/[0m
  [1m[36mActiveRecord::SchemaMigration Load (0.0ms)[0m  [1m[34mSELECT "schema_migrations"."version" FROM "schema_migrations" ORDER BY "schema_migrations"."version" ASC /*application='BlogModern'*/[0m
  [1m[36mActiveRecord::SchemaMigration Load (0.1ms)[0m  [1m[34mSELECT "schema_migrations"."version" FROM "schema_migrations" ORDER BY "schema_migrations"."version" ASC /*application='BlogModern'*/[0m
  [1m[36mUser Load (0.1ms)[0m  [1m[34mSELECT "users".* FROM "users" WHERE "users"."first_name" = 'Juan' AND "users"."last_name" = 'Perez' LIMIT 1 /*application='BlogModern'*/[0m
  [1m[36mUser Load (0.1ms)[0m  [1m[34mSELECT "users".* FROM "users" WHERE "users"."first_name" = 'Maria' AND "users"."last_name" = 'Garcia' LIMIT 1 /*application='BlogModern'*/[0m
  [1m[36mPost Load (0.1ms)[0m  [1m[34mSELECT "posts".* FROM "posts" WHERE "posts"."title" = 'Bienvenidos a Rails 8' LIMIT 1 /*application='BlogModern'*/[0m
  [1m[36mPost Load (0.1ms)[0m  [1m[34mSELECT "posts".* FROM "posts" WHERE "posts"."title" = 'El Futuro del Desarrollo Web' LIMIT 1 /*application='BlogModern'*/[0m
  [1m[36mComment Load (0.1ms)[0m  [1m[34mSELECT "comments".* FROM "comments" WHERE "comments"."body" = 'Excelente post, muy informativo!' AND "comments"."post_id" = 1 AND "comments"."user_id" = 2 LIMIT 1 /*application='BlogModern'*/[0m
  [1m[36mComment Load (0.1ms)[0m  [1m[34mSELECT "comments".* FROM "comments" WHERE "comments"."body" = 'Rails 8 es increible!' AND "comments"."post_id" = 2 AND "comments"."user_id" = 1 LIMIT 1 /*application='BlogModern'*/[0m
  [1m[36mUser Count (0.0ms)[0m  [1m[34mSELECT COUNT(*) FROM "users" /*application='BlogModern'*/[0m
  [1m[36mPost Count (0.0ms)[0m  [1m[34mSELECT COUNT(*) FROM "posts" /*application='BlogModern'*/[0m
  [1m[36mComment Count (0.0ms)[0m  [1m[34mSELECT COUNT(*) FROM "comments" /*application='BlogModern'*/[0m
Started GET "/" for ::1 at 2026-03-24 04:13:17 -0300
  [1m[36mActiveRecord::SchemaMigration Load (0.1ms)[0m  [1m[34mSELECT "schema_migrations"."version" FROM "schema_migrations" ORDER BY "schema_migrations"."version" ASC /*application='BlogModern'*/[0m
Processing by PostsController#index as HTML
  Rendering layout layouts/application.html.erb
  Rendering posts/index.html.erb within layouts/application
  [1m[36mPost Load (0.2ms)[0m  [1m[34mSELECT "posts".* FROM "posts" ORDER BY "posts"."created_at" DESC /*action='index',application='BlogModern',controller='posts'*/[0m
  ↳ app/views/posts/index.html.erb:4
  [1m[36mUser Load (0.1ms)[0m  [1m[34mSELECT "users".* FROM "users" WHERE "users"."id" IN (2, 1) /*action='index',application='BlogModern',controller='posts'*/[0m
  ↳ app/views/posts/index.html.erb:4
  Rendered posts/index.html.erb within layouts/application (Duration: 107.5ms | GC: 0.2ms)
  Rendered layout layouts/application.html.erb (Duration: 109.7ms | GC: 0.2ms)
Completed 200 OK in 763ms (Views: 162.8ms | ActiveRecord: 3.7ms (2 queries, 0 cached) | GC: 0.2ms)


Started GET "/favicon.ico" for ::1 at 2026-03-24 04:13:19 -0300
  
ActionController::RoutingError (No route matches [GET] "/favicon.ico"):
  
Started GET "/posts/new" for ::1 at 2026-03-24 04:15:41 -0300
Processing by PostsController#new as HTML
  Rendering layout layouts/application.html.erb
  Rendering posts/new.html.erb within layouts/application
  [1m[36mUser Load (0.1ms)[0m  [1m[34mSELECT "users".* FROM "users" /*action='new',application='BlogModern',controller='posts'*/[0m
  ↳ app/views/posts/_form.html.erb:3
  Rendered posts/_form.html.erb (Duration: 28.2ms | GC: 0.0ms)
  Rendered posts/new.html.erb within layouts/application (Duration: 30.1ms | GC: 0.0ms)
  Rendered layout layouts/application.html.erb (Duration: 30.7ms | GC: 0.0ms)
Completed 200 OK in 395ms (Views: 31.4ms | ActiveRecord: 0.1ms (1 query, 0 cached) | GC: 0.0ms)


Started GET "/posts" for ::1 at 2026-03-24 04:15:46 -0300
Processing by PostsController#index as HTML
  Rendering layout layouts/application.html.erb
  Rendering posts/index.html.erb within layouts/application
  [1m[36mPost Load (0.1ms)[0m  [1m[34mSELECT "posts".* FROM "posts" ORDER BY "posts"."created_at" DESC /*action='index',application='BlogModern',controller='posts'*/[0m
  ↳ app/views/posts/index.html.erb:4
  [1m[36mUser Load (0.1ms)[0m  [1m[34mSELECT "users".* FROM "users" WHERE "users"."id" IN (2, 1) /*action='index',application='BlogModern',controller='posts'*/[0m
  ↳ app/views/posts/index.html.erb:4
  Rendered posts/index.html.erb within layouts/application (Duration: 4.4ms | GC: 0.0ms)
  Rendered layout layouts/application.html.erb (Duration: 22.9ms | GC: 0.0ms)
Completed 200 OK in 384ms (Views: 23.1ms | ActiveRecord: 0.2ms (2 queries, 0 cached) | GC: 0.0ms)


Started GET "/users" for ::1 at 2026-03-24 04:15:48 -0300
Processing by UsersController#index as HTML
Completed 406 Not Acceptable in 359ms (ActiveRecord: 0.0ms (0 queries, 0 cached) | GC: 0.0ms)


  
ActionController::MissingExactTemplate (UsersController#index is missing a template for request formats: text/html):
  
actionpack (8.0.1) lib/action_controller/metal/implicit_render.rb:49:in 'ActionController::ImplicitRender#default_render'
actionpack (8.0.1) lib/action_controller/metal/basic_implicit_render.rb:9:in 'ActionController::BasicImplicitRender#send_action'
actionpack (8.0.1) lib/abstract_controller/base.rb:226:in 'AbstractController::Base#process_action'
actionpack (8.0.1) lib/action_controller/metal/rendering.rb:193:in 'ActionController::Rendering#process_action'
actionpack (8.0.1) lib/abstract_controller/callbacks.rb:261:in 'block in AbstractController::Callbacks#process_action'
activesupport (8.0.1) lib/active_support/callbacks.rb:120:in 'block in ActiveSupport::Callbacks#run_callbacks'
turbo-rails (2.0.23) lib/turbo-rails.rb:24:in 'Turbo.with_request_id'
turbo-rails (2.0.23) app/controllers/concerns/turbo/request_id_tracking.rb:10:in 'Turbo::RequestIdTracking#turbo_tracking_request_id'
activesupport (8.0.1) lib/active_support/callbacks.rb:129:in 'block in ActiveSupport::Callbacks#run_callbacks'
actiontext (8.0.1) lib/action_text/rendering.rb:25:in 'ActionText::Rendering::ClassMethods#with_renderer'
actiontext (8.0.1) lib/action_text/engine.rb:71:in 'block (4 levels) in <class:Engine>'
activesupport (8.0.1) lib/active_support/callbacks.rb:129:in 'BasicObject#instance_exec'
activesupport (8.0.1) lib/active_support/callbacks.rb:129:in 'block in ActiveSupport::Callbacks#run_callbacks'
activesupport (8.0.1) lib/active_support/callbacks.rb:140:in 'ActiveSupport::Callbacks#run_callbacks'
actionpack (8.0.1) lib/abstract_controller/callbacks.rb:260:in 'AbstractController::Callbacks#process_action'
actionpack (8.0.1) lib/action_controller/metal/rescue.rb:27:in 'ActionController::Rescue#process_action'
actionpack (8.0.1) lib/action_controller/metal/instrumentation.rb:76:in 'block in ActionController::Instrumentation#process_action'
activesupport (8.0.1) lib/active_support/notifications.rb:210:in 'block in ActiveSupport::Notifications.instrument'
activesupport (8.0.1) lib/active_support/notifications/instrumenter.rb:58:in 'ActiveSupport::Notifications::Instrumenter#instrument'
activesupport (8.0.1) lib/active_support/notifications.rb:210:in 'ActiveSupport::Notifications.instrument'
actionpack (8.0.1) lib/action_controller/metal/instrumentation.rb:75:in 'ActionController::Instrumentation#process_action'
actionpack (8.0.1) lib/action_controller/metal/params_wrapper.rb:259:in 'ActionController::ParamsWrapper#process_action'
activerecord (8.0.1) lib/active_record/railties/controller_runtime.rb:39:in 'ActiveRecord::Railties::ControllerRuntime#process_action'
actionpack (8.0.1) lib/abstract_controller/base.rb:163:in 'AbstractController::Base#process'
actionview (8.0.1) lib/action_view/rendering.rb:40:in 'ActionView::Rendering#process'
actionpack (8.0.1) lib/action_controller/metal.rb:252:in 'ActionController::Metal#dispatch'
actionpack (8.0.1) lib/action_controller/metal.rb:335:in 'ActionController::Metal.dispatch'
actionpack (8.0.1) lib/action_dispatch/routing/route_set.rb:67:in 'ActionDispatch::Routing::RouteSet::Dispatcher#dispatch'
actionpack (8.0.1) lib/action_dispatch/routing/route_set.rb:50:in 'ActionDispatch::Routing::RouteSet::Dispatcher#serve'
actionpack (8.0.1) lib/action_dispatch/journey/router.rb:53:in 'block in ActionDispatch::Journey::Router#serve'
actionpack (8.0.1) lib/action_dispatch/journey/router.rb:133:in 'block in ActionDispatch::Journey::Router#find_routes'
actionpack (8.0.1) lib/action_dispatch/journey/router.rb:126:in 'Array#each'
actionpack (8.0.1) lib/action_dispatch/journey/router.rb:126:in 'ActionDispatch::Journey::Router#find_routes'
actionpack (8.0.1) lib/action_dispatch/journey/router.rb:34:in 'ActionDispatch::Journey::Router#serve'
actionpack (8.0.1) lib/action_dispatch/routing/route_set.rb:908:in 'ActionDispatch::Routing::RouteSet#call'
railties (8.0.1) lib/rails/engine/lazy_route_set.rb:68:in 'Rails::Engine::LazyRouteSet#call'
rack (3.2.5) lib/rack/tempfile_reaper.rb:20:in 'Rack::TempfileReaper#call'
rack (3.2.5) lib/rack/etag.rb:29:in 'Rack::ETag#call'
rack (3.2.5) lib/rack/conditional_get.rb:31:in 'Rack::ConditionalGet#call'
rack (3.2.5) lib/rack/head.rb:15:in 'Rack::Head#call'
actionpack (8.0.1) lib/action_dispatch/http/permissions_policy.rb:38:in 'ActionDispatch::PermissionsPolicy::Middleware#call'
actionpack (8.0.1) lib/action_dispatch/http/content_security_policy.rb:38:in 'ActionDispatch::ContentSecurityPolicy::Middleware#call'
rack-session (2.1.1) lib/rack/session/abstract/id.rb:274:in 'Rack::Session::Abstract::Persisted#context'
rack-session (2.1.1) lib/rack/session/abstract/id.rb:268:in 'Rack::Session::Abstract::Persisted#call'
actionpack (8.0.1) lib/action_dispatch/middleware/cookies.rb:706:in 'ActionDispatch::Cookies#call'
activerecord (8.0.1) lib/active_record/migration.rb:671:in 'ActiveRecord::Migration::CheckPending#call'
actionpack (8.0.1) lib/action_dispatch/middleware/callbacks.rb:31:in 'block in ActionDispatch::Callbacks#call'
activesupport (8.0.1) lib/active_support/callbacks.rb:100:in 'ActiveSupport::Callbacks#run_callbacks'
actionpack (8.0.1) lib/action_dispatch/middleware/callbacks.rb:30:in 'ActionDispatch::Callbacks#call'
actionpack (8.0.1) lib/action_dispatch/middleware/executor.rb:16:in 'ActionDispatch::Executor#call'
actionpack (8.0.1) lib/action_dispatch/middleware/actionable_exceptions.rb:18:in 'ActionDispatch::ActionableExceptions#call'
actionpack (8.0.1) lib/action_dispatch/middleware/debug_exceptions.rb:31:in 'ActionDispatch::DebugExceptions#call'
actionpack (8.0.1) lib/action_dispatch/middleware/show_exceptions.rb:32:in 'ActionDispatch::ShowExceptions#call'
railties (8.0.1) lib/rails/rack/logger.rb:41:in 'Rails::Rack::Logger#call_app'
railties (8.0.1) lib/rails/rack/logger.rb:29:in 'Rails::Rack::Logger#call'
actionpack (8.0.1) lib/action_dispatch/middleware/remote_ip.rb:96:in 'ActionDispatch::RemoteIp#call'
actionpack (8.0.1) lib/action_dispatch/middleware/request_id.rb:34:in 'ActionDispatch::RequestId#call'
rack (3.2.5) lib/rack/method_override.rb:28:in 'Rack::MethodOverride#call'
rack (3.2.5) lib/rack/runtime.rb:24:in 'Rack::Runtime#call'
activesupport (8.0.1) lib/active_support/cache/strategy/local_cache_middleware.rb:29:in 'ActiveSupport::Cache::Strategy::LocalCache::Middleware#call'
actionpack (8.0.1) lib/action_dispatch/middleware/server_timing.rb:61:in 'block in ActionDispatch::ServerTiming#call'
actionpack (8.0.1) lib/action_dispatch/middleware/server_timing.rb:26:in 'ActionDispatch::ServerTiming::Subscriber#collect_events'
actionpack (8.0.1) lib/action_dispatch/middleware/server_timing.rb:60:in 'ActionDispatch::ServerTiming#call'
actionpack (8.0.1) lib/action_dispatch/middleware/executor.rb:16:in 'ActionDispatch::Executor#call'
propshaft (1.3.1) lib/propshaft/server.rb:37:in 'Propshaft::Server#call'
actionpack (8.0.1) lib/action_dispatch/middleware/static.rb:27:in 'ActionDispatch::Static#call'
rack (3.2.5) lib/rack/sendfile.rb:131:in 'Rack::Sendfile#call'
actionpack (8.0.1) lib/action_dispatch/middleware/host_authorization.rb:143:in 'ActionDispatch::HostAuthorization#call'
railties (8.0.1) lib/rails/engine.rb:535:in 'Rails::Engine#call'
puma (7.2.0) lib/puma/configuration.rb:296:in 'Puma::Configuration::ConfigMiddleware#call'
puma (7.2.0) lib/puma/request.rb:103:in 'block in Puma::Request#handle_request'
puma (7.2.0) lib/puma/thread_pool.rb:355:in 'Puma::ThreadPool#with_force_shutdown'
puma (7.2.0) lib/puma/request.rb:102:in 'Puma::Request#handle_request'
puma (7.2.0) lib/puma/server.rb:503:in 'Puma::Server#process_client'
puma (7.2.0) lib/puma/server.rb:262:in 'block in Puma::Server#run'
puma (7.2.0) lib/puma/thread_pool.rb:182:in 'block in Puma::ThreadPool#spawn_thread'
Started GET "/.well-known/appspecific/com.chrome.devtools.json" for ::1 at 2026-03-24 04:15:59 -0300
  
ActionController::RoutingError (No route matches [GET] "/.well-known/appspecific/com.chrome.devtools.json"):
  
Started GET "/posts/new" for ::1 at 2026-03-24 04:16:34 -0300
Processing by PostsController#new as HTML
  Rendering layout layouts/application.html.erb
  Rendering posts/new.html.erb within layouts/application
  [1m[36mUser Load (0.1ms)[0m  [1m[34mSELECT "users".* FROM "users" /*action='new',application='BlogModern',controller='posts'*/[0m
  ↳ app/views/posts/_form.html.erb:3
  Rendered posts/_form.html.erb (Duration: 2.4ms | GC: 0.0ms)
  Rendered posts/new.html.erb within layouts/application (Duration: 2.8ms | GC: 0.0ms)
  Rendered layout layouts/application.html.erb (Duration: 3.2ms | GC: 0.0ms)
Completed 200 OK in 448ms (Views: 3.3ms | ActiveRecord: 0.1ms (1 query, 0 cached) | GC: 0.0ms)


Started GET "/posts" for ::1 at 2026-03-24 04:16:37 -0300
Processing by PostsController#index as HTML
  Rendering layout layouts/application.html.erb
  Rendering posts/index.html.erb within layouts/application
  [1m[36mPost Load (0.1ms)[0m  [1m[34mSELECT "posts".* FROM "posts" ORDER BY "posts"."created_at" DESC /*action='index',application='BlogModern',controller='posts'*/[0m
  ↳ app/views/posts/index.html.erb:4
  [1m[36mUser Load (0.1ms)[0m  [1m[34mSELECT "users".* FROM "users" WHERE "users"."id" IN (2, 1) /*action='index',application='BlogModern',controller='posts'*/[0m
  ↳ app/views/posts/index.html.erb:4
  Rendered posts/index.html.erb within layouts/application (Duration: 3.8ms | GC: 0.0ms)
  Rendered layout layouts/application.html.erb (Duration: 4.4ms | GC: 0.0ms)
Completed 200 OK in 450ms (Views: 4.6ms | ActiveRecord: 0.2ms (2 queries, 0 cached) | GC: 0.0ms)


Started GET "/posts/2" for ::1 at 2026-03-24 04:16:41 -0300
Processing by PostsController#show as HTML
  Parameters: {"id" => "2"}
  [1m[36mPost Load (0.1ms)[0m  [1m[34mSELECT "posts".* FROM "posts" WHERE "posts"."id" = 2 LIMIT 1 /*action='show',application='BlogModern',controller='posts'*/[0m
  ↳ app/controllers/posts_controller.rb:43:in 'PostsController#set_post'
  Rendering layout layouts/application.html.erb
  Rendering posts/show.html.erb within layouts/application
  [1m[36mUser Load (0.1ms)[0m  [1m[34mSELECT "users".* FROM "users" WHERE "users"."id" = 2 LIMIT 1 /*action='show',application='BlogModern',controller='posts'*/[0m
  ↳ app/views/posts/show.html.erb:3
  [1m[36mComment Count (0.1ms)[0m  [1m[34mSELECT COUNT(*) FROM "comments" WHERE "comments"."post_id" = 2 /*action='show',application='BlogModern',controller='posts'*/[0m
  ↳ app/views/posts/show.html.erb:13
  [1m[36mComment Load (0.2ms)[0m  [1m[34mSELECT "comments".* FROM "comments" WHERE "comments"."post_id" = 2 ORDER BY "comments"."created_at" DESC /*action='show',application='BlogModern',controller='posts'*/[0m
  ↳ app/views/posts/show.html.erb:15
  [1m[36mUser Load (0.1ms)[0m  [1m[34mSELECT "users".* FROM "users" WHERE "users"."id" = 1 LIMIT 1 /*action='show',application='BlogModern',controller='posts'*/[0m
  ↳ app/views/posts/show.html.erb:17
  [1m[36mUser Load (0.1ms)[0m  [1m[34mSELECT "users".* FROM "users" /*action='show',application='BlogModern',controller='posts'*/[0m
  ↳ app/views/posts/show.html.erb:26
  Rendered posts/show.html.erb within layouts/application (Duration: 76.5ms | GC: 0.0ms)
  Rendered layout layouts/application.html.erb (Duration: 76.9ms | GC: 0.0ms)
Completed 200 OK in 491ms (Views: 76.8ms | ActiveRecord: 0.8ms (6 queries, 0 cached) | GC: 0.0ms)


Started GET "/users" for ::1 at 2026-03-24 04:17:13 -0300
Processing by UsersController#index as HTML
  Rendering layout layouts/application.html.erb
  Rendering users/index.html.erb within layouts/application
  [1m[36mUser Load (2.0ms)[0m  [1m[34mSELECT "users".* FROM "users" /*action='index',application='BlogModern',controller='users'*/[0m
  ↳ app/views/users/index.html.erb:3
  [1m[36mPost Count (0.0ms)[0m  [1m[34mSELECT COUNT(*) FROM "posts" WHERE "posts"."user_id" = 1 /*action='index',application='BlogModern',controller='users'*/[0m
  ↳ app/views/users/index.html.erb:7
  [1m[36mComment Count (0.1ms)[0m  [1m[34mSELECT COUNT(*) FROM "comments" WHERE "comments"."user_id" = 1 /*action='index',application='BlogModern',controller='users'*/[0m
  ↳ app/views/users/index.html.erb:7
  [1m[36mPost Count (0.1ms)[0m  [1m[34mSELECT COUNT(*) FROM "posts" WHERE "posts"."user_id" = 2 /*action='index',application='BlogModern',controller='users'*/[0m
  ↳ app/views/users/index.html.erb:7
  [1m[36mComment Count (0.1ms)[0m  [1m[34mSELECT COUNT(*) FROM "comments" WHERE "comments"."user_id" = 2 /*action='index',application='BlogModern',controller='users'*/[0m
  ↳ app/views/users/index.html.erb:7
  Rendered users/index.html.erb within layouts/application (Duration: 18.1ms | GC: 0.0ms)
  Rendered layout layouts/application.html.erb (Duration: 19.5ms | GC: 0.0ms)
Completed 200 OK in 499ms (Views: 20.7ms | ActiveRecord: 3.1ms (5 queries, 0 cached) | GC: 0.0ms)


Started GET "/posts" for ::1 at 2026-03-24 04:17:16 -0300
Processing by PostsController#index as HTML
  Rendering layout layouts/application.html.erb
  Rendering posts/index.html.erb within layouts/application
  [1m[36mPost Load (0.3ms)[0m  [1m[34mSELECT "posts".* FROM "posts" ORDER BY "posts"."created_at" DESC /*action='index',application='BlogModern',controller='posts'*/[0m
  ↳ app/views/posts/index.html.erb:4
  [1m[36mUser Load (0.1ms)[0m  [1m[34mSELECT "users".* FROM "users" WHERE "users"."id" IN (2, 1) /*action='index',application='BlogModern',controller='posts'*/[0m
  ↳ app/views/posts/index.html.erb:4
  Rendered posts/index.html.erb within layouts/application (Duration: 6.1ms | GC: 0.0ms)
  Rendered layout layouts/application.html.erb (Duration: 6.9ms | GC: 0.0ms)
Completed 200 OK in 467ms (Views: 9.4ms | ActiveRecord: 0.4ms (2 queries, 0 cached) | GC: 0.0ms)


